  GLScene.cpp
C:\Users\LENOVO\source\repos\game of life\GLScene.cpp(529,23): warning C4244: '=': conversion from 'double' to 'float', possible loss of data
C:\Users\LENOVO\source\repos\game of life\GLScene.cpp(534,18): warning C4305: '+=': truncation from 'double' to 'float'
C:\Users\LENOVO\source\repos\game of life\GLScene.cpp(539,18): warning C4305: '-=': truncation from 'double' to 'float'
C:\Users\LENOVO\source\repos\game of life\GLScene.cpp(544,18): warning C4305: '+=': truncation from 'double' to 'float'
  Life.cpp
C:\Users\LENOVO\source\repos\game of life\Life.cpp(7,20): warning C4018: '<=': signed/unsigned mismatch
C:\Users\LENOVO\source\repos\game of life\Life.cpp(9,21): warning C4018: '<=': signed/unsigned mismatch
  Life3d.cpp
C:\Users\LENOVO\source\repos\game of life\Life3d.cpp(8,21): warning C4018: '<=': signed/unsigned mismatch
C:\Users\LENOVO\source\repos\game of life\Life3d.cpp(10,22): warning C4018: '<=': signed/unsigned mismatch
C:\Users\LENOVO\source\repos\game of life\Life3d.cpp(12,23): warning C4018: '<=': signed/unsigned mismatch
C:\Users\LENOVO\source\repos\game of life\Life3d.cpp(29,30): warning C4554: '|': check operator precedence for possible error; use parentheses to clarify precedence
  main.cpp
  World.cpp
C:\Users\LENOVO\source\repos\game of life\World.cpp(17,20): warning C4018: '<': signed/unsigned mismatch
C:\Users\LENOVO\source\repos\game of life\World.cpp(54,20): warning C4018: '<': signed/unsigned mismatch
C:\Users\LENOVO\source\repos\game of life\World.cpp(56,21): warning C4018: '<': signed/unsigned mismatch
C:\Users\LENOVO\source\repos\game of life\World.cpp(125,20): warning C4018: '<=': signed/unsigned mismatch
C:\Users\LENOVO\source\repos\game of life\World.cpp(128,21): warning C4018: '<=': signed/unsigned mismatch
  World3d.cpp
C:\Users\LENOVO\source\repos\game of life\World3d.cpp(13,21): warning C4018: '<': signed/unsigned mismatch
C:\Users\LENOVO\source\repos\game of life\World3d.cpp(93,21): warning C4018: '<=': signed/unsigned mismatch
C:\Users\LENOVO\source\repos\game of life\World3d.cpp(96,22): warning C4018: '<=': signed/unsigned mismatch
C:\Users\LENOVO\source\repos\game of life\World3d.cpp(98,23): warning C4018: '<=': signed/unsigned mismatch
  Generating Code...
  game of life.vcxproj -> C:\Users\LENOVO\source\repos\game of life\Debug\game of life.exe
